  ConsoleScreen.cpp
D:\Repositories\cpp-virtual-machine\cpp-virtual-machine\ConsoleScreen.cpp(2,10): warning C4067:  unexpected tokens following preprocessor directive - expected a newline
D:\Repositories\cpp-virtual-machine\cpp-virtual-machine\ConsoleScreen.cpp(3,10): warning C4067:  unexpected tokens following preprocessor directive - expected a newline
D:\Repositories\cpp-virtual-machine\cpp-virtual-machine\ConsoleScreen.cpp(40,16): warning C4838:  conversion from 'int' to 'SHORT' requires a narrowing conversion
D:\Repositories\cpp-virtual-machine\cpp-virtual-machine\ConsoleScreen.cpp(40,19): warning C4838:  conversion from 'int' to 'SHORT' requires a narrowing conversion
D:\Repositories\cpp-virtual-machine\cpp-virtual-machine\ConsoleScreen.cpp(41,20): warning C4018:  '<': signed/unsigned mismatch
D:\Repositories\cpp-virtual-machine\cpp-virtual-machine\ConsoleScreen.cpp(49,16): warning C4838:  conversion from 'int' to 'SHORT' requires a narrowing conversion
D:\Repositories\cpp-virtual-machine\cpp-virtual-machine\ConsoleScreen.cpp(49,19): warning C4838:  conversion from 'int' to 'SHORT' requires a narrowing conversion
D:\Repositories\cpp-virtual-machine\cpp-virtual-machine\ConsoleScreen.cpp(50,20): warning C4018:  '<': signed/unsigned mismatch
D:\Repositories\cpp-virtual-machine\cpp-virtual-machine\ConsoleScreen.cpp(57,16): warning C4838:  conversion from 'int' to 'SHORT' requires a narrowing conversion
D:\Repositories\cpp-virtual-machine\cpp-virtual-machine\ConsoleScreen.cpp(57,19): warning C4838:  conversion from 'int' to 'SHORT' requires a narrowing conversion
D:\Repositories\cpp-virtual-machine\cpp-virtual-machine\ConsoleScreen.cpp(65,16): warning C4838:  conversion from 'int' to 'SHORT' requires a narrowing conversion
D:\Repositories\cpp-virtual-machine\cpp-virtual-machine\ConsoleScreen.cpp(65,19): warning C4838:  conversion from 'int' to 'SHORT' requires a narrowing conversion
D:\Repositories\cpp-virtual-machine\cpp-virtual-machine\ConsoleScreen.cpp(72,16): warning C4838:  conversion from 'int' to 'SHORT' requires a narrowing conversion
  Debugger.cpp
D:\Repositories\cpp-virtual-machine\cpp-virtual-machine\ConsoleScreen.cpp(72,19): warning C4838:  conversion from 'int' to 'SHORT' requires a narrowing conversion
D:\Repositories\cpp-virtual-machine\cpp-virtual-machine\Debugger.cpp(34,20): warning C4018:  '<': signed/unsigned mismatch
  Disassembler.cpp
D:\Repositories\cpp-virtual-machine\cpp-virtual-machine\Debugger.cpp(115,20): warning C4018:  '<': signed/unsigned mismatch
  main.cpp
  VirtualMachine.cpp
D:\Repositories\cpp-virtual-machine\cpp-virtual-machine\Disassembler.cpp(10,31): warning C4018:  '<': signed/unsigned mismatch
  Generating code
LINK : fatal error C1001: An internal error has occurred in the compiler.
  (compiler file 'd:\agent\_work\4\s\src\vctools\Compiler\Utc\src\p2\main.c', line 160)
   To work around this problem, try simplifying or changing the program near the locations listed above.
  Please choose the Technical Support command on the Visual C++ 
   Help menu, or open the Technical Support help file for more information
    link!InvokeCompilerPass()+0x3081d
    link!InvokeCompilerPass()+0x32f53
    link!InvokeCompilerPass()+0x24415
    link!InvokeCompilerPass()+0x2432f
    link!InvokeCompilerPass()+0x2f895
  
LINK : fatal error C1001: An internal error has occurred in the compiler.
  (compiler file 'd:\agent\_work\4\s\src\vctools\Compiler\Utc\src\p2\main.c', line 160)
   To work around this problem, try simplifying or changing the program near the locations listed above.
  Please choose the Technical Support command on the Visual C++ 
   Help menu, or open the Technical Support help file for more information
    link!InvokeCompilerPass()+0x3081d
    link!InvokeCompilerPass()+0x32f53
    link!InvokeCompilerPass()+0x24415
    link!InvokeCompilerPass()+0x2432f
    link!InvokeCompilerPass()+0x2f895
  
  
LINK : fatal error LNK1000: Internal error during IMAGE::BuildImage
  
    Version 14.21.27702.2
  
    ExceptionCode            = C0000005
    ExceptionFlags           = 00000000
    ExceptionAddress         = 02AF2202 (02660000) "C:\Program Files (x86)\Microsoft Visual Studio\2019\Community\VC\Tools\MSVC\14.21.27702\bin\HostX86\x86\c2.dll"
    NumberParameters         = 00000002
    ExceptionInformation[ 0] = 00000000
    ExceptionInformation[ 1] = 00000000
  
  CONTEXT:
    Eax    = 00000000  Esp    = 008FE544
    Ebx    = 00000000  Ebp    = 008FE554
    Ecx    = 00001505  Esi    = 00000000
    Edx    = 00000000  Edi    = 00000000
    Eip    = 02AF2202  EFlags = 00010246
    SegCs  = 00000023  SegDs  = 0000002B
    SegSs  = 0000002B  SegEs  = 0000002B
    SegFs  = 00000053  SegGs  = 0000002B
    Dr0    = 00000000  Dr3    = 00000000
    Dr1    = 00000000  Dr6    = 00000000
    Dr2    = 00000000  Dr7    = 00000000
