  ConsoleScreen.cpp
C:\Users\Isomorphism\Documents\Repos\cpp-virtual-machine\cpp-virtual-machine\ConsoleScreen.cpp(2,10): warning C4067: unexpected tokens following preprocessor directive - expected a newline
C:\Users\Isomorphism\Documents\Repos\cpp-virtual-machine\cpp-virtual-machine\ConsoleScreen.cpp(3,10): warning C4067: unexpected tokens following preprocessor directive - expected a newline
C:\Users\Isomorphism\Documents\Repos\cpp-virtual-machine\cpp-virtual-machine\ConsoleScreen.cpp(40,16): warning C4838: conversion from 'int' to 'SHORT' requires a narrowing conversion
C:\Users\Isomorphism\Documents\Repos\cpp-virtual-machine\cpp-virtual-machine\ConsoleScreen.cpp(40,19): warning C4838: conversion from 'int' to 'SHORT' requires a narrowing conversion
C:\Users\Isomorphism\Documents\Repos\cpp-virtual-machine\cpp-virtual-machine\ConsoleScreen.cpp(49,16): warning C4838: conversion from 'int' to 'SHORT' requires a narrowing conversion
C:\Users\Isomorphism\Documents\Repos\cpp-virtual-machine\cpp-virtual-machine\ConsoleScreen.cpp(49,19): warning C4838: conversion from 'int' to 'SHORT' requires a narrowing conversion
C:\Users\Isomorphism\Documents\Repos\cpp-virtual-machine\cpp-virtual-machine\ConsoleScreen.cpp(57,16): warning C4838: conversion from 'int' to 'SHORT' requires a narrowing conversion
C:\Users\Isomorphism\Documents\Repos\cpp-virtual-machine\cpp-virtual-machine\ConsoleScreen.cpp(57,19): warning C4838: conversion from 'int' to 'SHORT' requires a narrowing conversion
C:\Users\Isomorphism\Documents\Repos\cpp-virtual-machine\cpp-virtual-machine\ConsoleScreen.cpp(65,16): warning C4838: conversion from 'int' to 'SHORT' requires a narrowing conversion
C:\Users\Isomorphism\Documents\Repos\cpp-virtual-machine\cpp-virtual-machine\ConsoleScreen.cpp(65,19): warning C4838: conversion from 'int' to 'SHORT' requires a narrowing conversion
C:\Users\Isomorphism\Documents\Repos\cpp-virtual-machine\cpp-virtual-machine\ConsoleScreen.cpp(72,16): warning C4838: conversion from 'int' to 'SHORT' requires a narrowing conversion
  Debugger.cpp
C:\Users\Isomorphism\Documents\Repos\cpp-virtual-machine\cpp-virtual-machine\ConsoleScreen.cpp(72,19): warning C4838: conversion from 'int' to 'SHORT' requires a narrowing conversion
  Disassembler.cpp
C:\Users\Isomorphism\Documents\Repos\cpp-virtual-machine\cpp-virtual-machine\Debugger.cpp(137,114): warning C4267: 'argument': conversion from 'size_t' to 'int', possible loss of data
  main.cpp
  VirtualMachine.cpp
C:\Users\Isomorphism\Documents\Repos\cpp-virtual-machine\cpp-virtual-machine\Disassembler.cpp(20,29): warning C4267: 'initializing': conversion from 'size_t' to 'int', possible loss of data
C:\Users\Isomorphism\Documents\Repos\cpp-virtual-machine\cpp-virtual-machine\VirtualMachine.cpp(157,14): warning C4244: 'initializing': conversion from 'uint16_t' to 'uint8_t', possible loss of data
  Generating code
  Previous IPDB not found, fall back to full compilation.
  All 359 functions were compiled because no usable IPDB/IOBJ from previous compilation was found.
  Finished generating code
  cpp-virtual-machine.vcxproj -> C:\Users\Isomorphism\Documents\Repos\cpp-virtual-machine\x64\Release\cpp-virtual-machine.exe
