  ConsoleScreen.cpp
D:\Repositories\cpp-virtual-machine\cpp-virtual-machine\ConsoleScreen.cpp(2,10): warning C4067:  unexpected tokens following preprocessor directive - expected a newline
D:\Repositories\cpp-virtual-machine\cpp-virtual-machine\ConsoleScreen.cpp(3,10): warning C4067:  unexpected tokens following preprocessor directive - expected a newline
D:\Repositories\cpp-virtual-machine\cpp-virtual-machine\ConsoleScreen.cpp(40,16): warning C4838:  conversion from 'int' to 'SHORT' requires a narrowing conversion
D:\Repositories\cpp-virtual-machine\cpp-virtual-machine\ConsoleScreen.cpp(40,19): warning C4838:  conversion from 'int' to 'SHORT' requires a narrowing conversion
D:\Repositories\cpp-virtual-machine\cpp-virtual-machine\ConsoleScreen.cpp(49,16): warning C4838:  conversion from 'int' to 'SHORT' requires a narrowing conversion
D:\Repositories\cpp-virtual-machine\cpp-virtual-machine\ConsoleScreen.cpp(49,19): warning C4838:  conversion from 'int' to 'SHORT' requires a narrowing conversion
D:\Repositories\cpp-virtual-machine\cpp-virtual-machine\ConsoleScreen.cpp(57,16): warning C4838:  conversion from 'int' to 'SHORT' requires a narrowing conversion
D:\Repositories\cpp-virtual-machine\cpp-virtual-machine\ConsoleScreen.cpp(57,19): warning C4838:  conversion from 'int' to 'SHORT' requires a narrowing conversion
D:\Repositories\cpp-virtual-machine\cpp-virtual-machine\ConsoleScreen.cpp(65,16): warning C4838:  conversion from 'int' to 'SHORT' requires a narrowing conversion
D:\Repositories\cpp-virtual-machine\cpp-virtual-machine\ConsoleScreen.cpp(65,19): warning C4838:  conversion from 'int' to 'SHORT' requires a narrowing conversion
D:\Repositories\cpp-virtual-machine\cpp-virtual-machine\ConsoleScreen.cpp(72,16): warning C4838:  conversion from 'int' to 'SHORT' requires a narrowing conversion
  Debugger.cpp
D:\Repositories\cpp-virtual-machine\cpp-virtual-machine\ConsoleScreen.cpp(72,19): warning C4838:  conversion from 'int' to 'SHORT' requires a narrowing conversion
  Disassembler.cpp
D:\Repositories\cpp-virtual-machine\cpp-virtual-machine\Debugger.cpp(140,114): warning C4267:  'argument': conversion from 'size_t' to 'int', possible loss of data
  main.cpp
  VirtualMachine.cpp
  Generating Code...
D:\Repositories\cpp-virtual-machine\cpp-virtual-machine\Disassembler.cpp(20,29): warning C4267:  'initializing': conversion from 'size_t' to 'int', possible loss of data
  cpp-virtual-machine.vcxproj -> D:\Repositories\cpp-virtual-machine\x64\Debug\cpp-virtual-machine.exe
